<?xml version="1.0" encoding="UTF-8"?>
<testng-results ignored="0" total="1" passed="1" failed="0" skipped="0">
  <reporter-output>
  </reporter-output>
  <suite started-at="2025-11-03T15:24:22 EST" name="Default suite" finished-at="2025-11-03T15:24:31 EST" duration-ms="9033">
    <groups>
    </groups>
    <test started-at="2025-11-03T15:24:22 EST" name="Default test" finished-at="2025-11-03T15:24:31 EST" duration-ms="9033">
      <class name="com.som.Test.VerifyUpdateCartTask">
        <test-method is-config="true" signature="setUp()[pri:0, instance:com.som.Test.VerifyUpdateCartTask@5e0e82ae]" started-at="2025-11-03T15:24:22 EST" name="setUp" finished-at="2025-11-03T15:24:26 EST" duration-ms="4356" status="PASS">
          <reporter-output>
          </reporter-output>
        </test-method> <!-- setUp -->
        <test-method signature="doUpdateShoppingCart()[pri:0, instance:com.som.Test.VerifyUpdateCartTask@5e0e82ae]" started-at="2025-11-03T15:24:26 EST" name="doUpdateShoppingCart" finished-at="2025-11-03T15:24:31 EST" duration-ms="4580" status="PASS">
          <reporter-output>
          </reporter-output>
        </test-method> <!-- doUpdateShoppingCart -->
        <test-method is-config="true" signature="tearDown()[pri:0, instance:com.som.Test.VerifyUpdateCartTask@5e0e82ae]" started-at="2025-11-03T15:24:31 EST" name="tearDown" finished-at="2025-11-03T15:24:31 EST" duration-ms="87" status="PASS">
          <reporter-output>
          </reporter-output>
        </test-method> <!-- tearDown -->
      </class> <!-- com.som.Test.VerifyUpdateCartTask -->
    </test> <!-- Default test -->
  </suite> <!-- Default suite -->
</testng-results>
