<?xml version="1.0" encoding="UTF-8"?>
<!-- Generated by org.testng.reporters.JUnitXMLReporter -->
<testsuite ignored="8" hostname="Soms-MacBook-Pro.local" failures="0" tests="5" name="Test" time="7.395" errors="0" timestamp="2025-11-01T22:44:36 EDT">
  <testcase classname="com.som.Test.VerifyLoginLogout" name="verifyLoginLogout" time="3.239"/>
  <testcase classname="com.som.Test.VerifyAdvanceSearchFilter" name="verifyAdvanceSerchFilter" time="0.001"/>
  <testcase classname="com.som.Test.VerifyAddItemInCart" name="verifyProdcutAddedInCart" time="0.002"/>
  <testcase classname="com.som.Test.VerifyRegister" name="getverifyRegister" time="0.0"/>
  <testcase classname="com.som.Test.VerifyRegisterConfirmation" name="verifyRegistration" time="0.001"/>
  <testcase classname="com.som.Test.Base" name="@BeforeTest openBrowser" time="0.0">
    <ignored/>
  </testcase> <!-- @BeforeTest openBrowser -->
  <testcase classname="com.som.Test.Base" name="@AfterTest closeBrowser" time="0.0">
    <ignored/>
  </testcase> <!-- @AfterTest closeBrowser -->
  <testcase classname="com.som.Test.Base" name="@AfterTest closeBrowser" time="0.0">
    <ignored/>
  </testcase> <!-- @AfterTest closeBrowser -->
  <testcase classname="com.som.Test.Base" name="@BeforeTest openBrowser" time="0.0">
    <ignored/>
  </testcase> <!-- @BeforeTest openBrowser -->
  <testcase classname="com.som.Test.Base" name="@AfterTest closeBrowser" time="0.0">
    <ignored/>
  </testcase> <!-- @AfterTest closeBrowser -->
  <testcase classname="com.som.Test.Base" name="@BeforeTest openBrowser" time="0.0">
    <ignored/>
  </testcase> <!-- @BeforeTest openBrowser -->
  <testcase classname="com.som.Test.Base" name="@AfterTest closeBrowser" time="0.0">
    <ignored/>
  </testcase> <!-- @AfterTest closeBrowser -->
  <testcase classname="com.som.Test.Base" name="@BeforeTest openBrowser" time="0.0">
    <ignored/>
  </testcase> <!-- @BeforeTest openBrowser -->
</testsuite> <!-- Test -->
